\BOOKMARK [0][-]{chapter.1}{مقدمه}{}% 1
\BOOKMARK [0][-]{chapter.2}{پژوهش‌های پیشین}{}% 2
\BOOKMARK [1][-]{section.2.1}{بازی‌ها و تمرین‌های شناختی}{chapter.2}% 3
\BOOKMARK [1][-]{section.2.2}{استفاده از آموزش راهبرد در بازی‌ها}{chapter.2}% 4
\BOOKMARK [1][-]{section.2.3}{پژوهش‌های انجام شده در حوزه‌ی فعالیت ردیابی همزمان چند شیء}{chapter.2}% 5
\BOOKMARK [1][-]{section.2.4}{مدل تصمیم‌گیری مبتنی بر مدل و غیرمبتنی بر مدل}{chapter.2}% 6
\BOOKMARK [1][-]{section.2.5}{نتیجه گیری}{chapter.2}% 7
\BOOKMARK [0][-]{chapter.3}{آزمایش اول - استخراج راهبرد}{}% 8
\BOOKMARK [1][-]{section.3.1}{مقدمه}{chapter.3}% 9
\BOOKMARK [1][-]{section.3.2}{انتخاب بازی}{chapter.3}% 10
\BOOKMARK [2][-]{subsection.3.2.1}{بازی‌های انتخاب شده}{section.3.2}% 11
\BOOKMARK [2][-]{subsection.3.2.2}{طراحی آزمایش برای انتخاب بازی}{section.3.2}% 12
\BOOKMARK [1][-]{section.3.3}{طراحی آزمایش اول}{chapter.3}% 13
\BOOKMARK [2][-]{subsection.3.3.1}{ساختار آزمایش}{section.3.3}% 14
\BOOKMARK [2][-]{subsection.3.3.2}{ثبت داده}{section.3.3}% 15
\BOOKMARK [2][-]{subsection.3.3.3}{شرکت‌کننده‌ها}{section.3.3}% 16
\BOOKMARK [2][-]{subsection.3.3.4}{نحوه محاسبه امتیاز}{section.3.3}% 17
\BOOKMARK [1][-]{section.3.4}{نتایج بخش اول}{chapter.3}% 18
\BOOKMARK [2][-]{subsection.3.4.1}{راهبرد‌های استخراج شده}{section.3.4}% 19
\BOOKMARK [2][-]{subsection.3.4.2}{امتیازدهی به راهبرد‌ها}{section.3.4}% 20
\BOOKMARK [2][-]{subsection.3.4.3}{راهبردهای منتخب برای آزمایش دوم}{section.3.4}% 21
\BOOKMARK [2][-]{subsection.3.4.4}{همبستگی با ویژگی های فردی}{section.3.4}% 22
\BOOKMARK [2][-]{subsection.3.4.5}{مشکلات موجود در آزمایش اول}{section.3.4}% 23
\BOOKMARK [0][-]{chapter.4}{آزمایش دوم - انتقال راهبرد}{}% 24
\BOOKMARK [1][-]{section.4.1}{مقدمه}{chapter.4}% 25
\BOOKMARK [1][-]{section.4.2}{طراحی آزمایش دوم}{chapter.4}% 26
\BOOKMARK [2][-]{subsection.4.2.1}{ساختار آزمایش}{section.4.2}% 27
\BOOKMARK [2][-]{subsection.4.2.2}{شرکت‌کننده‌ها}{section.4.2}% 28
\BOOKMARK [1][-]{section.4.3}{نتایج بخش دوم}{chapter.4}% 29
\BOOKMARK [0][-]{chapter.5}{جمع‌بندی و نکته‌های پایانی}{}% 30
\BOOKMARK [0][-]{chapter*.16}{مراجع}{}% 31
\BOOKMARK [0][-]{chapter*.16}{واژه‌نامه انگلیسی به فارسی}{}% 32
\BOOKMARK [0][-]{chapter*.16}{واژه‌نامه فارسی به انگلیسی}{}% 33
